<?xml version="1.0" encoding="UTF-8"?>
<!-- Generated by org.testng.reporters.JUnitReportReporter -->
<testsuite hostname="Rakesh-Nishis-MacBook-Pro.local" failures="0" tests="1" name="com.restAssured.JobsAPITest.TC_GetRequest_101" time="3.064" errors="0" timestamp="2022-06-07T19:34:48 EDT" skipped="0">
  <testcase classname="com.restAssured.JobsAPITest.TC_GetRequest_101" name="getJobsDetials" time="3.064"/>
  <system-out/>
</testsuite> <!-- com.restAssured.JobsAPITest.TC_GetRequest_101 -->
