<?xml version="1.0" encoding="UTF-8"?>
<!-- Generated by org.testng.reporters.JUnitReportReporter -->
<testsuite hostname="Rakesh-Nishis-MacBook-Pro.local" failures="0" tests="12" name="com.restAssured.JobsAPITest.TC_GetRequest_001" time="2.218" errors="0" timestamp="2022-06-19T15:47:23 EDT" skipped="0">
  <testcase classname="com.restAssured.JobsAPITest.TC_GetRequest_001" name="getJobsData" time="0.004"/>
  <system-out/>
  <testcase classname="com.restAssured.JobsAPITest.TC_GetRequest_001" name="getJobsData" time="0.005"/>
  <system-out/>
  <testcase classname="com.restAssured.JobsAPITest.TC_GetRequest_001" name="getJobsData" time="0.001"/>
  <system-out/>
  <testcase classname="com.restAssured.JobsAPITest.TC_GetRequest_001" name="getJobsData" time="0.001"/>
  <system-out/>
  <testcase classname="com.restAssured.JobsAPITest.TC_GetRequest_001" name="getJobsData" time="0.002"/>
  <system-out/>
  <testcase classname="com.restAssured.JobsAPITest.TC_GetRequest_001" name="getJobsData" time="0.001"/>
  <system-out/>
  <testcase classname="com.restAssured.JobsAPITest.TC_GetRequest_001" name="getJobsData" time="0.017"/>
  <system-out/>
  <testcase classname="com.restAssured.JobsAPITest.TC_GetRequest_001" name="get1JobsDetails" time="0.293"/>
  <system-out/>
  <testcase classname="com.restAssured.JobsAPITest.TC_GetRequest_001" name="getJobsData" time="0.002"/>
  <system-out/>
  <testcase classname="com.restAssured.JobsAPITest.TC_GetRequest_001" name="getJobsData" time="0.001"/>
  <system-out/>
  <testcase classname="com.restAssured.JobsAPITest.TC_GetRequest_001" name="getJobsData" time="0.001"/>
  <system-out/>
  <testcase classname="com.restAssured.JobsAPITest.TC_GetRequest_001" name="getJobsDetials" time="1.890"/>
  <system-out/>
</testsuite> <!-- com.restAssured.JobsAPITest.TC_GetRequest_001 -->
