<?xml version="1.0" encoding="UTF-8"?>
<!-- Generated by org.testng.reporters.JUnitReportReporter -->
<testsuite hostname="Rakesh-Nishis-MacBook-Pro.local" failures="0" tests="35" name="com.restAssured.JobsAPITest.TC_PostRequest_002" time="0.180" errors="1" timestamp="2022-06-19T15:47:23 EDT" skipped="0">
  <testcase classname="com.restAssured.JobsAPITest.TC_PostRequest_002" name="postJobsData" time="0.001"/>
  <system-out/>
  <testcase classname="com.restAssured.JobsAPITest.TC_PostRequest_002" name="postJobsData" time="0.000"/>
  <system-out/>
  <testcase classname="com.restAssured.JobsAPITest.TC_PostRequest_002" name="postJobsData" time="0.001"/>
  <system-out/>
  <testcase classname="com.restAssured.JobsAPITest.TC_PostRequest_002" name="postJobsData" time="0.001"/>
  <system-out/>
  <testcase classname="com.restAssured.JobsAPITest.TC_PostRequest_002" name="postJobsData" time="0.000"/>
  <system-out/>
  <testcase classname="com.restAssured.JobsAPITest.TC_PostRequest_002" name="postJobsDetails" time="0.121">
    <error message="Target host is null" type="java.lang.IllegalStateException">
      <![CDATA[java.lang.IllegalStateException: Target host is null
at org.apache.http.util.Asserts.notNull(Asserts.java:52)
at org.apache.http.impl.conn.ProxySelectorRoutePlanner.determineRoute(ProxySelectorRoutePlanner.java:133)
at org.apache.http.impl.client.DefaultRequestDirector.determineRoute(DefaultRequestDirector.java:756)
at org.apache.http.impl.client.DefaultRequestDirector.execute(DefaultRequestDirector.java:375)
at org.apache.http.impl.client.AbstractHttpClient.doExecute(AbstractHttpClient.java:835)
at org.apache.http.impl.client.CloseableHttpClient.execute(CloseableHttpClient.java:83)
at io.restassured.internal.RestAssuredHttpBuilder.doRequest(RestAssuredHttpBuilder.java:141)
at io.restassured.internal.http.HTTPBuilder.post(HTTPBuilder.java:349)
at io.restassured.internal.http.HTTPBuilder$post$3.call(Unknown Source)
at org.codehaus.groovy.runtime.callsite.CallSiteArray.defaultCall(CallSiteArray.java:46)
at org.codehaus.groovy.runtime.callsite.AbstractCallSite.call(AbstractCallSite.java:125)
at org.codehaus.groovy.runtime.callsite.AbstractCallSite.call(AbstractCallSite.java:148)
at io.restassured.internal.RequestSpecificationImpl.sendRequest(RequestSpecificationImpl.groovy:1195)
at io.restassured.internal.RequestSpecificationImpl.this$2$sendRequest(RequestSpecificationImpl.groovy)
at java.base/jdk.internal.reflect.DirectMethodHandleAccessor.invoke(DirectMethodHandleAccessor.java:104)
at java.base/java.lang.reflect.Method.invoke(Method.java:577)
at org.codehaus.groovy.reflection.CachedMethod.invoke(CachedMethod.java:343)
at groovy.lang.MetaMethod.doMethodInvoke(MetaMethod.java:328)
at groovy.lang.MetaClassImpl.doInvokeMethod(MetaClassImpl.java:1369)
at groovy.lang.MetaClassImpl.invokeMethod(MetaClassImpl.java:1103)
at groovy.lang.MetaClassImpl.invokeMethod(MetaClassImpl.java:1009)
at groovy.lang.MetaClassImpl.invokeMethod(MetaClassImpl.java:792)
at io.restassured.internal.RequestSpecificationImpl.invokeMethod(RequestSpecificationImpl.groovy)
at org.codehaus.groovy.runtime.callsite.PogoInterceptableSite.call(PogoInterceptableSite.java:46)
at org.codehaus.groovy.runtime.callsite.AbstractCallSite.call(AbstractCallSite.java:166)
at io.restassured.internal.filter.SendRequestFilter.filter(SendRequestFilter.groovy:30)
at io.restassured.filter.Filter$filter$0.call(Unknown Source)
at org.codehaus.groovy.runtime.callsite.CallSiteArray.defaultCall(CallSiteArray.java:46)
at io.restassured.filter.Filter$filter.call(Unknown Source)
at io.restassured.internal.filter.FilterContextImpl.next(FilterContextImpl.groovy:72)
at io.restassured.filter.time.TimingFilter.filter(TimingFilter.java:56)
at io.restassured.filter.Filter$filter.call(Unknown Source)
at org.codehaus.groovy.runtime.callsite.CallSiteArray.defaultCall(CallSiteArray.java:46)
at io.restassured.filter.Filter$filter$0.call(Unknown Source)
at io.restassured.internal.filter.FilterContextImpl.next(FilterContextImpl.groovy:72)
at io.restassured.filter.FilterContext$next.call(Unknown Source)
at io.restassured.internal.RequestSpecificationImpl.applyPathParamsAndSendRequest(RequestSpecificationImpl.groovy:1686)
at io.restassured.internal.RequestSpecificationImpl.this$2$applyPathParamsAndSendRequest(RequestSpecificationImpl.groovy)
at java.base/jdk.internal.reflect.DirectMethodHandleAccessor.invoke(DirectMethodHandleAccessor.java:104)
at java.base/java.lang.reflect.Method.invoke(Method.java:577)
at org.codehaus.groovy.reflection.CachedMethod.invoke(CachedMethod.java:343)
at groovy.lang.MetaMethod.doMethodInvoke(MetaMethod.java:328)
at groovy.lang.MetaClassImpl.doInvokeMethod(MetaClassImpl.java:1369)
at groovy.lang.MetaClassImpl.invokeMethod(MetaClassImpl.java:1103)
at groovy.lang.MetaClassImpl.invokeMethod(MetaClassImpl.java:1009)
at groovy.lang.MetaClassImpl.invokeMethod(MetaClassImpl.java:792)
at io.restassured.internal.RequestSpecificationImpl.invokeMethod(RequestSpecificationImpl.groovy)
at org.codehaus.groovy.runtime.callsite.PogoInterceptableSite.call(PogoInterceptableSite.java:46)
at org.codehaus.groovy.runtime.callsite.PogoInterceptableSite.callCurrent(PogoInterceptableSite.java:57)
at org.codehaus.groovy.runtime.callsite.AbstractCallSite.callCurrent(AbstractCallSite.java:203)
at io.restassured.internal.RequestSpecificationImpl.applyPathParamsAndSendRequest(RequestSpecificationImpl.groovy:1692)
at io.restassured.internal.RequestSpecificationImpl.this$2$applyPathParamsAndSendRequest(RequestSpecificationImpl.groovy)
at java.base/jdk.internal.reflect.DirectMethodHandleAccessor.invoke(DirectMethodHandleAccessor.java:104)
at java.base/java.lang.reflect.Method.invoke(Method.java:577)
at org.codehaus.groovy.reflection.CachedMethod.invoke(CachedMethod.java:343)
at groovy.lang.MetaMethod.doMethodInvoke(MetaMethod.java:328)
at groovy.lang.MetaClassImpl.doInvokeMethod(MetaClassImpl.java:1369)
at groovy.lang.MetaClassImpl.invokeMethod(MetaClassImpl.java:1103)
at groovy.lang.MetaClassImpl.invokeMethod(MetaClassImpl.java:1009)
at groovy.lang.MetaClassImpl.invokeMethod(MetaClassImpl.java:792)
at io.restassured.internal.RequestSpecificationImpl.invokeMethod(RequestSpecificationImpl.groovy)
at org.codehaus.groovy.runtime.callsite.PogoInterceptableSite.call(PogoInterceptableSite.java:46)
at org.codehaus.groovy.runtime.callsite.PogoInterceptableSite.callCurrent(PogoInterceptableSite.java:57)
at org.codehaus.groovy.runtime.callsite.CallSiteArray.defaultCallCurrent(CallSiteArray.java:50)
at org.codehaus.groovy.runtime.callsite.AbstractCallSite.callCurrent(AbstractCallSite.java:171)
at org.codehaus.groovy.runtime.callsite.AbstractCallSite.callCurrent(AbstractCallSite.java:203)
at io.restassured.internal.RequestSpecificationImpl.post(RequestSpecificationImpl.groovy:180)
at io.restassured.internal.RequestSpecificationImpl.post(RequestSpecificationImpl.groovy)
at com.restAssured.JobsAPITest.TC_PostRequest_002.postJobsDetails(TC_PostRequest_002.java:52)
at java.base/jdk.internal.reflect.DirectMethodHandleAccessor.invoke(DirectMethodHandleAccessor.java:104)
at java.base/java.lang.reflect.Method.invoke(Method.java:577)
at org.testng.internal.invokers.MethodInvocationHelper.invokeMethod(MethodInvocationHelper.java:135)
at org.testng.internal.invokers.TestInvoker.invokeMethod(TestInvoker.java:673)
at org.testng.internal.invokers.TestInvoker.invokeTestMethod(TestInvoker.java:220)
at org.testng.internal.invokers.MethodRunner.runInSequence(MethodRunner.java:50)
at org.testng.internal.invokers.TestInvoker$MethodInvocationAgent.invoke(TestInvoker.java:945)
at org.testng.internal.invokers.TestInvoker.invokeTestMethods(TestInvoker.java:193)
at org.testng.internal.invokers.TestMethodWorker.invokeTestMethods(TestMethodWorker.java:146)
at org.testng.internal.invokers.TestMethodWorker.run(TestMethodWorker.java:128)
at java.base/java.util.ArrayList.forEach(ArrayList.java:1511)
at org.testng.TestRunner.privateRun(TestRunner.java:808)
at org.testng.TestRunner.run(TestRunner.java:603)
at org.testng.SuiteRunner.runTest(SuiteRunner.java:429)
at org.testng.SuiteRunner.runSequentially(SuiteRunner.java:423)
at org.testng.SuiteRunner.privateRun(SuiteRunner.java:383)
at org.testng.SuiteRunner.run(SuiteRunner.java:326)
at org.testng.SuiteRunnerWorker.runSuite(SuiteRunnerWorker.java:52)
at org.testng.SuiteRunnerWorker.run(SuiteRunnerWorker.java:95)
at org.testng.TestNG.runSuitesSequentially(TestNG.java:1249)
at org.testng.TestNG.runSuitesLocally(TestNG.java:1169)
at org.testng.TestNG.runSuites(TestNG.java:1092)
at org.testng.TestNG.run(TestNG.java:1060)
at org.testng.remote.AbstractRemoteTestNG.run(AbstractRemoteTestNG.java:115)
at org.testng.remote.RemoteTestNG.initAndRun(RemoteTestNG.java:251)
at org.testng.remote.RemoteTestNG.main(RemoteTestNG.java:77)
]]>
    </error>
  </testcase> <!-- postJobsDetails -->
  <system-out/>
  <testcase classname="com.restAssured.JobsAPITest.TC_PostRequest_002" name="postJobsData" time="0.001"/>
  <system-out/>
  <testcase classname="com.restAssured.JobsAPITest.TC_PostRequest_002" name="postJobsData" time="0.001"/>
  <system-out/>
  <testcase classname="com.restAssured.JobsAPITest.TC_PostRequest_002" name="postJobsData" time="0.003"/>
  <system-out/>
  <testcase classname="com.restAssured.JobsAPITest.TC_PostRequest_002" name="postJobsData" time="0.001"/>
  <system-out/>
  <testcase classname="com.restAssured.JobsAPITest.TC_PostRequest_002" name="postJobsData" time="0.000"/>
  <system-out/>
  <testcase classname="com.restAssured.JobsAPITest.TC_PostRequest_002" name="postJobsData" time="0.000"/>
  <system-out/>
  <testcase classname="com.restAssured.JobsAPITest.TC_PostRequest_002" name="postJobsData" time="0.000"/>
  <system-out/>
  <testcase classname="com.restAssured.JobsAPITest.TC_PostRequest_002" name="postJobsData" time="0.001"/>
  <system-out/>
  <testcase classname="com.restAssured.JobsAPITest.TC_PostRequest_002" name="postJobsData" time="0.001"/>
  <system-out/>
  <testcase classname="com.restAssured.JobsAPITest.TC_PostRequest_002" name="postJobsData" time="0.000"/>
  <system-out/>
  <testcase classname="com.restAssured.JobsAPITest.TC_PostRequest_002" name="postJobsData" time="0.001"/>
  <system-out/>
  <testcase classname="com.restAssured.JobsAPITest.TC_PostRequest_002" name="postJobsData" time="0.000"/>
  <system-out/>
  <testcase classname="com.restAssured.JobsAPITest.TC_PostRequest_002" name="postJobsData" time="0.001"/>
  <system-out/>
  <testcase classname="com.restAssured.JobsAPITest.TC_PostRequest_002" name="postJobsData" time="0.000"/>
  <system-out/>
  <testcase classname="com.restAssured.JobsAPITest.TC_PostRequest_002" name="postJobsData" time="0.001"/>
  <system-out/>
  <testcase classname="com.restAssured.JobsAPITest.TC_PostRequest_002" name="postJobsData" time="0.030"/>
  <system-out/>
  <testcase classname="com.restAssured.JobsAPITest.TC_PostRequest_002" name="postJobsData" time="0.001"/>
  <system-out/>
  <testcase classname="com.restAssured.JobsAPITest.TC_PostRequest_002" name="postJobsData" time="0.000"/>
  <system-out/>
  <testcase classname="com.restAssured.JobsAPITest.TC_PostRequest_002" name="postJobsData" time="0.001"/>
  <system-out/>
  <testcase classname="com.restAssured.JobsAPITest.TC_PostRequest_002" name="postJobsData" time="0.003"/>
  <system-out/>
  <testcase classname="com.restAssured.JobsAPITest.TC_PostRequest_002" name="postJobsData" time="0.002"/>
  <system-out/>
  <testcase classname="com.restAssured.JobsAPITest.TC_PostRequest_002" name="postJobsData" time="0.002"/>
  <system-out/>
  <testcase classname="com.restAssured.JobsAPITest.TC_PostRequest_002" name="postJobsData" time="0.002"/>
  <system-out/>
  <testcase classname="com.restAssured.JobsAPITest.TC_PostRequest_002" name="postJobsData" time="0.000"/>
  <system-out/>
  <testcase classname="com.restAssured.JobsAPITest.TC_PostRequest_002" name="postJobsData" time="0.002"/>
  <system-out/>
  <testcase classname="com.restAssured.JobsAPITest.TC_PostRequest_002" name="postJobsData" time="0.000"/>
  <system-out/>
  <testcase classname="com.restAssured.JobsAPITest.TC_PostRequest_002" name="postJobsData" time="0.001"/>
  <system-out/>
  <testcase classname="com.restAssured.JobsAPITest.TC_PostRequest_002" name="postJobsData" time="0.001"/>
  <system-out/>
  <testcase classname="com.restAssured.JobsAPITest.TC_PostRequest_002" name="postJobsData" time="0.000"/>
  <system-out/>
</testsuite> <!-- com.restAssured.JobsAPITest.TC_PostRequest_002 -->
